<?xml version="1.0" encoding="UTF-8"?>
<coverage generated="1666678443141" clover="3.2.0">
  <project timestamp="1666678443141" name="All files">
    <metrics statements="16" coveredstatements="14" conditionals="17" coveredconditionals="14" methods="5" coveredmethods="5" elements="38" coveredelements="33" complexity="0" loc="16" ncloc="16" packages="1" files="1" classes="1"/>
    <file name="index.ts" path="/Users/biorz/workspace/rollup-plugin-image-files/src/index.ts">
      <metrics statements="16" coveredstatements="14" conditionals="17" coveredconditionals="14" methods="5" coveredmethods="5"/>
      <line num="6" count="1" type="stmt"/>
      <line num="15" count="4" type="cond" truecount="2" falsecount="0"/>
      <line num="16" count="4" type="stmt"/>
      <line num="18" count="4" type="stmt"/>
      <line num="21" count="9" type="cond" truecount="3" falsecount="1"/>
      <line num="22" count="0" type="stmt"/>
      <line num="25" count="9" type="stmt"/>
      <line num="26" count="45" type="cond" truecount="3" falsecount="1"/>
      <line num="27" count="5" type="stmt"/>
      <line num="30" count="4" type="stmt"/>
      <line num="35" count="4" type="stmt"/>
      <line num="38" count="4" type="cond" truecount="3" falsecount="1"/>
      <line num="39" count="0" type="stmt"/>
      <line num="42" count="4" type="cond" truecount="2" falsecount="0"/>
      <line num="47" count="1" type="stmt"/>
      <line num="50" count="4" type="stmt"/>
    </file>
  </project>
</coverage>
