<?xml version="1.0" encoding="UTF-8"?>
<coverage generated="1655206840745" clover="3.2.0">
  <project timestamp="1655206840745" name="All files">
    <metrics statements="19" coveredstatements="17" conditionals="19" coveredconditionals="15" methods="5" coveredmethods="5" elements="43" coveredelements="37" complexity="0" loc="19" ncloc="19" packages="1" files="1" classes="1"/>
    <file name="index.ts" path="/Users/biorz/workspace/rollup-plugin-image-files/src/index.ts">
      <metrics statements="19" coveredstatements="17" conditionals="19" coveredconditionals="15" methods="5" coveredmethods="5"/>
      <line num="6" count="1" type="stmt"/>
      <line num="15" count="4" type="cond" truecount="2" falsecount="0"/>
      <line num="16" count="4" type="stmt"/>
      <line num="17" count="4" type="stmt"/>
      <line num="19" count="4" type="stmt"/>
      <line num="22" count="9" type="cond" truecount="3" falsecount="1"/>
      <line num="23" count="0" type="stmt"/>
      <line num="26" count="9" type="stmt"/>
      <line num="27" count="45" type="cond" truecount="3" falsecount="1"/>
      <line num="28" count="5" type="stmt"/>
      <line num="31" count="4" type="cond" truecount="1" falsecount="1"/>
      <line num="32" count="4" type="stmt"/>
      <line num="34" count="4" type="stmt"/>
      <line num="39" count="4" type="stmt"/>
      <line num="43" count="4" type="cond" truecount="3" falsecount="1"/>
      <line num="44" count="0" type="stmt"/>
      <line num="47" count="4" type="cond" truecount="2" falsecount="0"/>
      <line num="52" count="1" type="stmt"/>
      <line num="55" count="4" type="stmt"/>
    </file>
  </project>
</coverage>
