{"/Users/biorz/workspace/rollup-plugin-image-files/src/index.ts": {"path":"/Users/biorz/workspace/rollup-plugin-image-files/src/index.ts","statementMap":{"0":{"start":{"line":6,"column":26},"end":{"line":6,"column":72}},"1":{"start":{"line":15,"column":20},"end":{"line":15,"column":59}},"2":{"start":{"line":16,"column":16},"end":{"line":16,"column":62}},"3":{"start":{"line":17,"column":24},"end":{"line":17,"column":26}},"4":{"start":{"line":19,"column":1},"end":{"line":49,"column":3}},"5":{"start":{"line":22,"column":3},"end":{"line":24,"column":4}},"6":{"start":{"line":23,"column":4},"end":{"line":23,"column":16}},"7":{"start":{"line":26,"column":15},"end":{"line":26,"column":26}},"8":{"start":{"line":27,"column":3},"end":{"line":29,"column":4}},"9":{"start":{"line":27,"column":32},"end":{"line":27,"column":90}},"10":{"start":{"line":28,"column":4},"end":{"line":28,"column":15}},"11":{"start":{"line":31,"column":3},"end":{"line":40,"column":4}},"12":{"start":{"line":32,"column":4},"end":{"line":32,"column":20}},"13":{"start":{"line":34,"column":24},"end":{"line":38,"column":10}},"14":{"start":{"line":39,"column":4},"end":{"line":39,"column":72}},"15":{"start":{"line":43,"column":3},"end":{"line":45,"column":4}},"16":{"start":{"line":44,"column":4},"end":{"line":44,"column":16}},"17":{"start":{"line":47,"column":3},"end":{"line":47,"column":91}},"18":{"start":{"line":52,"column":26},"end":{"line":52,"column":39}},"19":{"start":{"line":55,"column":2},"end":{"line":55,"column":37}}},"fnMap":{"0":{"name":"image","decl":{"start":{"line":14,"column":24},"end":{"line":14,"column":29}},"loc":{"start":{"line":14,"column":62},"end":{"line":50,"column":1}},"line":14},"1":{"name":"(anonymous_1)","decl":{"start":{"line":21,"column":2},"end":{"line":21,"column":3}},"loc":{"start":{"line":21,"column":19},"end":{"line":41,"column":3}},"line":21},"2":{"name":"(anonymous_2)","decl":{"start":{"line":27,"column":24},"end":{"line":27,"column":25}},"loc":{"start":{"line":27,"column":32},"end":{"line":27,"column":90}},"line":27},"3":{"name":"(anonymous_3)","decl":{"start":{"line":42,"column":2},"end":{"line":42,"column":3}},"loc":{"start":{"line":42,"column":46},"end":{"line":48,"column":3}},"line":42},"4":{"name":"isRelativePath","decl":{"start":{"line":54,"column":9},"end":{"line":54,"column":23}},"loc":{"start":{"line":54,"column":37},"end":{"line":56,"column":1}},"line":54}},"branchMap":{"0":{"loc":{"start":{"line":14,"column":30},"end":{"line":14,"column":51}},"type":"default-arg","locations":[{"start":{"line":14,"column":49},"end":{"line":14,"column":51}}],"line":14},"1":{"loc":{"start":{"line":15,"column":20},"end":{"line":15,"column":59}},"type":"binary-expr","locations":[{"start":{"line":15,"column":20},"end":{"line":15,"column":38}},{"start":{"line":15,"column":42},"end":{"line":15,"column":59}}],"line":15},"2":{"loc":{"start":{"line":22,"column":3},"end":{"line":24,"column":4}},"type":"if","locations":[{"start":{"line":22,"column":3},"end":{"line":24,"column":4}},{"start":{},"end":{}}],"line":22},"3":{"loc":{"start":{"line":22,"column":7},"end":{"line":22,"column":44}},"type":"binary-expr","locations":[{"start":{"line":22,"column":7},"end":{"line":22,"column":29}},{"start":{"line":22,"column":33},"end":{"line":22,"column":44}}],"line":22},"4":{"loc":{"start":{"line":27,"column":3},"end":{"line":29,"column":4}},"type":"if","locations":[{"start":{"line":27,"column":3},"end":{"line":29,"column":4}},{"start":{},"end":{}}],"line":27},"5":{"loc":{"start":{"line":27,"column":32},"end":{"line":27,"column":90}},"type":"cond-expr","locations":[{"start":{"line":27,"column":60},"end":{"line":27,"column":72}},{"start":{"line":27,"column":76},"end":{"line":27,"column":90}}],"line":27},"6":{"loc":{"start":{"line":31,"column":3},"end":{"line":40,"column":4}},"type":"if","locations":[{"start":{"line":31,"column":3},"end":{"line":40,"column":4}},{"start":{},"end":{}}],"line":31},"7":{"loc":{"start":{"line":43,"column":3},"end":{"line":45,"column":4}},"type":"if","locations":[{"start":{"line":43,"column":3},"end":{"line":45,"column":4}},{"start":{},"end":{}}],"line":43},"8":{"loc":{"start":{"line":43,"column":7},"end":{"line":43,"column":56}},"type":"binary-expr","locations":[{"start":{"line":43,"column":7},"end":{"line":43,"column":35}},{"start":{"line":43,"column":39},"end":{"line":43,"column":56}}],"line":43},"9":{"loc":{"start":{"line":47,"column":22},"end":{"line":47,"column":87}},"type":"cond-expr","locations":[{"start":{"line":47,"column":53},"end":{"line":47,"column":65}},{"start":{"line":47,"column":68},"end":{"line":47,"column":87}}],"line":47}},"s":{"0":1,"1":4,"2":4,"3":4,"4":4,"5":9,"6":0,"7":9,"8":9,"9":45,"10":5,"11":4,"12":4,"13":4,"14":4,"15":4,"16":0,"17":4,"18":1,"19":4},"f":{"0":4,"1":9,"2":45,"3":4,"4":4},"b":{"0":[4],"1":[4,4],"2":[0,9],"3":[9,9],"4":[5,4],"5":[0,45],"6":[4,0],"7":[0,4],"8":[4,4],"9":[1,3]},"_coverageSchema":"1a1c01bbd47fc00a2c39e90264f33305004495a9","hash":"efcab54f3ee9cdc9198eae92cbfa429a2f640219"}
}
