{"/Users/biorz/workspace/rollup-plugin-image-files/src/index.ts": {"path":"/Users/biorz/workspace/rollup-plugin-image-files/src/index.ts","statementMap":{"0":{"start":{"line":1,"column":0},"end":{"line":1,"column":36}},"1":{"start":{"line":2,"column":0},"end":{"line":2,"column":32}},"2":{"start":{"line":3,"column":0},"end":{"line":3,"column":50}},"3":{"start":{"line":6,"column":26},"end":{"line":6,"column":67}},"4":{"start":{"line":15,"column":20},"end":{"line":15,"column":59}},"5":{"start":{"line":16,"column":18},"end":{"line":16,"column":52}},"6":{"start":{"line":16,"column":38},"end":{"line":16,"column":51}},"7":{"start":{"line":17,"column":16},"end":{"line":17,"column":74}},"8":{"start":{"line":18,"column":24},"end":{"line":18,"column":26}},"9":{"start":{"line":20,"column":1},"end":{"line":45,"column":3}},"10":{"start":{"line":23,"column":3},"end":{"line":25,"column":null}},"11":{"start":{"line":24,"column":4},"end":{"line":24,"column":16}},"12":{"start":{"line":27,"column":3},"end":{"line":36,"column":null}},"13":{"start":{"line":28,"column":4},"end":{"line":28,"column":20}},"14":{"start":{"line":30,"column":24},"end":{"line":34,"column":10}},"15":{"start":{"line":35,"column":4},"end":{"line":35,"column":72}},"16":{"start":{"line":39,"column":3},"end":{"line":41,"column":null}},"17":{"start":{"line":40,"column":4},"end":{"line":40,"column":16}},"18":{"start":{"line":43,"column":3},"end":{"line":43,"column":null}},"19":{"start":{"line":14,"column":0},"end":{"line":14,"column":24}},"20":{"start":{"line":48,"column":26},"end":{"line":48,"column":39}},"21":{"start":{"line":51,"column":2},"end":{"line":51,"column":37}}},"fnMap":{"0":{"name":"image","decl":{"start":{"line":14,"column":24},"end":{"line":14,"column":29}},"loc":{"start":{"line":14,"column":51},"end":{"line":46,"column":1}}},"1":{"name":"(anonymous_1)","decl":{"start":{"line":16,"column":33},"end":{"line":16,"column":34}},"loc":{"start":{"line":16,"column":38},"end":{"line":16,"column":51}}},"2":{"name":"(anonymous_2)","decl":{"start":{"line":22,"column":2},"end":{"line":22,"column":6}},"loc":{"start":{"line":22,"column":17},"end":{"line":37,"column":3}}},"3":{"name":"(anonymous_3)","decl":{"start":{"line":38,"column":2},"end":{"line":38,"column":16}},"loc":{"start":{"line":38,"column":44},"end":{"line":44,"column":3}}},"4":{"name":"isRelativePath","decl":{"start":{"line":50,"column":9},"end":{"line":50,"column":23}},"loc":{"start":{"line":50,"column":35},"end":{"line":52,"column":1}}}},"branchMap":{"0":{"loc":{"start":{"line":14,"column":30},"end":{"line":14,"column":51}},"type":"default-arg","locations":[{"start":{"line":14,"column":49},"end":{"line":14,"column":51}}]},"1":{"loc":{"start":{"line":15,"column":20},"end":{"line":15,"column":59}},"type":"binary-expr","locations":[{"start":{"line":15,"column":20},"end":{"line":15,"column":38}},{"start":{"line":15,"column":42},"end":{"line":15,"column":59}}]},"2":{"loc":{"start":{"line":17,"column":29},"end":{"line":17,"column":56}},"type":"binary-expr","locations":[{"start":{"line":17,"column":29},"end":{"line":17,"column":44}},{"start":{"line":17,"column":48},"end":{"line":17,"column":56}}]},"3":{"loc":{"start":{"line":23,"column":3},"end":{"line":25,"column":null}},"type":"if","locations":[{"start":{"line":23,"column":3},"end":{"line":25,"column":null}}]},"4":{"loc":{"start":{"line":23,"column":7},"end":{"line":23,"column":44}},"type":"binary-expr","locations":[{"start":{"line":23,"column":7},"end":{"line":23,"column":29}},{"start":{"line":23,"column":33},"end":{"line":23,"column":44}}]},"5":{"loc":{"start":{"line":27,"column":3},"end":{"line":36,"column":null}},"type":"if","locations":[{"start":{"line":27,"column":3},"end":{"line":36,"column":null}}]},"6":{"loc":{"start":{"line":39,"column":3},"end":{"line":41,"column":null}},"type":"if","locations":[{"start":{"line":39,"column":3},"end":{"line":41,"column":null}}]},"7":{"loc":{"start":{"line":39,"column":7},"end":{"line":39,"column":56}},"type":"binary-expr","locations":[{"start":{"line":39,"column":7},"end":{"line":39,"column":35}},{"start":{"line":39,"column":39},"end":{"line":39,"column":56}}]},"8":{"loc":{"start":{"line":43,"column":22},"end":{"line":43,"column":87}},"type":"cond-expr","locations":[{"start":{"line":43,"column":53},"end":{"line":43,"column":65}},{"start":{"line":43,"column":68},"end":{"line":43,"column":87}}]}},"s":{"0":1,"1":1,"2":1,"3":1,"4":4,"5":4,"6":20,"7":4,"8":4,"9":4,"10":9,"11":5,"12":4,"13":4,"14":4,"15":4,"16":4,"17":0,"18":4,"19":1,"20":1,"21":4},"f":{"0":4,"1":20,"2":9,"3":4,"4":4},"b":{"0":[4],"1":[4,4],"2":[4,4],"3":[5],"4":[9,9],"5":[4],"6":[0],"7":[4,4],"8":[1,3]}}
}
