TN:
SF:src/index.ts
FN:14,image
FN:21,(anonymous_1)
FN:27,(anonymous_2)
FN:42,(anonymous_3)
FN:54,isRelativePath
FNF:5
FNH:5
FNDA:4,image
FNDA:9,(anonymous_1)
FNDA:45,(anonymous_2)
FNDA:4,(anonymous_3)
FNDA:4,isRelativePath
DA:6,1
DA:15,4
DA:16,4
DA:17,4
DA:19,4
DA:22,9
DA:23,0
DA:26,9
DA:27,45
DA:28,5
DA:31,4
DA:32,4
DA:34,4
DA:39,4
DA:43,4
DA:44,0
DA:47,4
DA:52,1
DA:55,4
LF:19
LH:17
BRDA:14,0,0,4
BRDA:15,1,0,4
BRDA:15,1,1,4
BRDA:22,2,0,0
BRDA:22,2,1,9
BRDA:22,3,0,9
BRDA:22,3,1,9
BRDA:27,4,0,5
BRDA:27,4,1,4
BRDA:27,5,0,0
BRDA:27,5,1,45
BRDA:31,6,0,4
BRDA:31,6,1,0
BRDA:43,7,0,0
BRDA:43,7,1,4
BRDA:43,8,0,4
BRDA:43,8,1,4
BRDA:47,9,0,1
BRDA:47,9,1,3
BRF:19
BRH:15
end_of_record
