TN:
SF:src/index.ts
FN:14,image
FN:20,(anonymous_1)
FN:26,(anonymous_2)
FN:37,(anonymous_3)
FN:49,isRelativePath
FNF:5
FNH:5
FNDA:4,image
FNDA:9,(anonymous_1)
FNDA:45,(anonymous_2)
FNDA:4,(anonymous_3)
FNDA:4,isRelativePath
DA:6,1
DA:15,4
DA:16,4
DA:18,4
DA:21,9
DA:22,0
DA:25,9
DA:26,45
DA:27,5
DA:30,4
DA:35,4
DA:38,4
DA:39,0
DA:42,4
DA:47,1
DA:50,4
LF:16
LH:14
BRDA:14,0,0,4
BRDA:15,1,0,4
BRDA:15,1,1,4
BRDA:21,2,0,0
BRDA:21,2,1,9
BRDA:21,3,0,9
BRDA:21,3,1,9
BRDA:26,4,0,5
BRDA:26,4,1,4
BRDA:26,5,0,0
BRDA:26,5,1,45
BRDA:38,6,0,0
BRDA:38,6,1,4
BRDA:38,7,0,4
BRDA:38,7,1,4
BRDA:42,8,0,1
BRDA:42,8,1,3
BRF:17
BRH:14
end_of_record
